<?xml version="1.0" encoding="UTF-8" ?>
<testsuite tests="1" failures="0" name="edu.eci.pdsw.validator.SalaryValidatorTest" time="0.003" errors="0" skipped="0">
  <properties>
    <property name="java.runtime.name" value="Java(TM) SE Runtime Environment"/>
    <property name="sun.boot.library.path" value="E:\Program Files\Java\jdk1.8.0_92\jre\bin"/>
    <property name="java.vm.version" value="25.92-b14"/>
    <property name="java.vm.vendor" value="Oracle Corporation"/>
    <property name="maven.multiModuleProjectDirectory" value="D:/PayU/maraton/pdsw/parcial-1"/>
    <property name="java.vendor.url" value="http://java.oracle.com/"/>
    <property name="path.separator" value=";"/>
    <property name="guice.disable.misplaced.annotation.check" value="true"/>
    <property name="java.vm.name" value="Java HotSpot(TM) 64-Bit Server VM"/>
    <property name="file.encoding.pkg" value="sun.io"/>
    <property name="user.script" value=""/>
    <property name="user.country" value="CO"/>
    <property name="sun.java.launcher" value="SUN_STANDARD"/>
    <property name="sun.os.patch.level" value=""/>
    <property name="java.vm.specification.name" value="Java Virtual Machine Specification"/>
    <property name="user.dir" value="D:\PayU\maraton\pdsw\parcial-1"/>
    <property name="java.runtime.version" value="1.8.0_92-b14"/>
    <property name="java.awt.graphicsenv" value="sun.awt.Win32GraphicsEnvironment"/>
    <property name="java.endorsed.dirs" value="E:\Program Files\Java\jdk1.8.0_92\jre\lib\endorsed"/>
    <property name="os.arch" value="amd64"/>
    <property name="java.io.tmpdir" value="E:\Users\SANTIA~1.ALZ\AppData\Local\Temp\1\"/>
    <property name="line.separator" value="
"/>
    <property name="java.vm.specification.vendor" value="Oracle Corporation"/>
    <property name="user.variant" value=""/>
    <property name="os.name" value="Windows 10"/>
    <property name="classworlds.conf" value="D:/apache-maven-3.5.0/bin/m2.conf"/>
    <property name="sun.jnu.encoding" value="Cp1252"/>
    <property name="java.library.path" value="E:\Program Files\Java\jdk1.8.0_92\bin;E:\WINDOWS\Sun\Java\bin;E:\WINDOWS\system32;E:\WINDOWS;E:\Users\santiago.alzate\bin;E:\Program Files\Git\mingw64\bin;E:\Program Files\Git\usr\local\bin;E:\Program Files\Git\usr\bin;E:\Program Files\Git\usr\bin;E:\Program Files\Git\mingw64\bin;E:\Program Files\Git\usr\bin;E:\Users\santiago.alzate\bin;E:\Program Files\Python\Python27;E:\Program Files\Python\Python27\Scripts;E:\Program Files (x86)\Intel\iCLS Client;E:\Program Files\Intel\iCLS Client;E:\WINDOWS\system32;E:\WINDOWS;E:\WINDOWS\System32\Wbem;E:\WINDOWS\System32\WindowsPowerShell\v1.0;E:\Program Files (x86)\Intel\Intel(R) Management Engine Components\DAL;E:\Program Files\Intel\Intel(R) Management Engine Components\DAL;E:\Program Files (x86)\Intel\Intel(R) Management Engine Components\IPT;E:\Program Files\Intel\Intel(R) Management Engine Components\IPT;E:\Program Files\Java\jdk1.8.0_92\bin;E:\Program Files\Git\cmd;E:\Program Files\nodejs;E:\Program Files (x86)\Skype\Phone;E:\Program Files (x86)\Google\Chrome\Application;E:\ProgramData\Oracle\Java\javapath;E:\Program Files (x86)\Intel\iCLS Client;E:\Program Files\Intel\iCLS Client;E:\WINDOWS\system32;E:\WINDOWS;E:\WINDOWS\System32\Wbem;E:\WINDOWS\System32\WindowsPowerShell\v1.0;E:\Program Files (x86)\Intel\Intel(R) Management Engine Components\DAL;E:\Program Files\Intel\Intel(R) Management Engine Components\DAL;E:\Program Files (x86)\Intel\Intel(R) Management Engine Components\IPT;E:\Program Files\Intel\Intel(R) Management Engine Components\IPT;E:\Program Files\Java\jdk1.8.0_92\bin;E:\Program Files (x86)\Skype\Phone;D:\apache-maven-3.5.0\bin;E:\Program Files\Docker Toolbox;E:\Users\santiago.alzate\AppData\Roaming\npm;E:\Users\santiago.alzate\AppData\Local\atom\bin;E:\Program Files\Git\usr\bin\vendor_perl;E:\Program Files\Git\usr\bin\core_perl;."/>
    <property name="maven.conf" value="D:/apache-maven-3.5.0/conf"/>
    <property name="java.specification.name" value="Java Platform API Specification"/>
    <property name="java.class.version" value="52.0"/>
    <property name="sun.management.compiler" value="HotSpot 64-Bit Tiered Compilers"/>
    <property name="os.version" value="10.0"/>
    <property name="library.jansi.path" value="D:\apache-maven-3.5.0\lib\jansi-native\windows64"/>
    <property name="user.home" value="E:\Users\santiago.alzate"/>
    <property name="user.timezone" value="America/Bogota"/>
    <property name="java.awt.printerjob" value="sun.awt.windows.WPrinterJob"/>
    <property name="java.specification.version" value="1.8"/>
    <property name="file.encoding" value="Cp1252"/>
    <property name="user.name" value="SANTIAGO.ALZATE"/>
    <property name="java.class.path" value="D:/apache-maven-3.5.0/boot/plexus-classworlds-2.5.2.jar"/>
    <property name="java.vm.specification.version" value="1.8"/>
    <property name="sun.arch.data.model" value="64"/>
    <property name="java.home" value="E:\Program Files\Java\jdk1.8.0_92\jre"/>
    <property name="sun.java.command" value="org.codehaus.plexus.classworlds.launcher.Launcher clean package"/>
    <property name="java.specification.vendor" value="Oracle Corporation"/>
    <property name="user.language" value="es"/>
    <property name="awt.toolkit" value="sun.awt.windows.WToolkit"/>
    <property name="java.vm.info" value="mixed mode"/>
    <property name="java.version" value="1.8.0_92"/>
    <property name="java.ext.dirs" value="E:\Program Files\Java\jdk1.8.0_92\jre\lib\ext;E:\WINDOWS\Sun\Java\lib\ext"/>
    <property name="sun.boot.class.path" value="E:\Program Files\Java\jdk1.8.0_92\jre\lib\resources.jar;E:\Program Files\Java\jdk1.8.0_92\jre\lib\rt.jar;E:\Program Files\Java\jdk1.8.0_92\jre\lib\sunrsasign.jar;E:\Program Files\Java\jdk1.8.0_92\jre\lib\jsse.jar;E:\Program Files\Java\jdk1.8.0_92\jre\lib\jce.jar;E:\Program Files\Java\jdk1.8.0_92\jre\lib\charsets.jar;E:\Program Files\Java\jdk1.8.0_92\jre\lib\jfr.jar;E:\Program Files\Java\jdk1.8.0_92\jre\classes"/>
    <property name="java.vendor" value="Oracle Corporation"/>
    <property name="maven.home" value="D:\apache-maven-3.5.0"/>
    <property name="file.separator" value="\"/>
    <property name="java.vendor.url.bug" value="http://bugreport.sun.com/bugreport/"/>
    <property name="sun.cpu.endian" value="little"/>
    <property name="sun.io.unicode.encoding" value="UnicodeLittle"/>
    <property name="sun.desktop" value="windows"/>
    <property name="sun.cpu.isalist" value="amd64"/>
  </properties>
  <testcase classname="edu.eci.pdsw.validator.SalaryValidatorTest" name="validateTest" time="0.003"/>
</testsuite>